<?xml version="1.0" encoding="UTF-8" ?>
<testsuite errors="0" failures="1" hostname="steve-XPS-15-9570" name="clue.ClueTest" skipped="0" tests="1" time="0.111" timestamp="2019-04-03T14:22:40">
  <properties>
    <property name="libs.spring-framework300.classpath" value="/snap/netbeans/5/netbeans/ide/modules/org-apache-commons-logging.jar:/snap/netbeans/5/netbeans/java/modules/ext/cglib-2.2.jar:/snap/netbeans/5/netbeans/java/modules/ext/spring-3.0/spring-aop-3.2.7.RELEASE.jar:/snap/netbeans/5/netbeans/java/modules/ext/spring-3.0/spring-aspects-3.2.7.RELEASE.jar:/snap/netbeans/5/netbeans/java/modules/ext/spring-3.0/spring-beans-3.2.7.RELEASE.jar:/snap/netbeans/5/netbeans/java/modules/ext/spring-3.0/spring-build-src-3.2.7.RELEASE.jar:/snap/netbeans/5/netbeans/java/modules/ext/spring-3.0/spring-context-3.2.7.RELEASE.jar:/snap/netbeans/5/netbeans/java/modules/ext/spring-3.0/spring-context-support-3.2.7.RELEASE.jar:/snap/netbeans/5/netbeans/java/modules/ext/spring-3.0/spring-core-3.2.7.RELEASE.jar:/snap/netbeans/5/netbeans/java/modules/ext/spring-3.0/spring-expression-3.2.7.RELEASE.jar:/snap/netbeans/5/netbeans/java/modules/ext/spring-3.0/spring-framework-bom-3.2.7.RELEASE.jar:/snap/netbeans/5/netbeans/java/modules/ext/spring-3.0/spring-instrument-3.2.7.RELEASE.jar:/snap/netbeans/5/netbeans/java/modules/ext/spring-3.0/spring-instrument-tomcat-3.2.7.RELEASE.jar:/snap/netbeans/5/netbeans/java/modules/ext/spring-3.0/spring-jdbc-3.2.7.RELEASE.jar:/snap/netbeans/5/netbeans/java/modules/ext/spring-3.0/spring-jms-3.2.7.RELEASE.jar:/snap/netbeans/5/netbeans/java/modules/ext/spring-3.0/spring-orm-3.2.7.RELEASE.jar:/snap/netbeans/5/netbeans/java/modules/ext/spring-3.0/spring-oxm-3.2.7.RELEASE.jar:/snap/netbeans/5/netbeans/java/modules/ext/spring-3.0/spring-struts-3.2.7.RELEASE.jar:/snap/netbeans/5/netbeans/java/modules/ext/spring-3.0/spring-test-3.2.7.RELEASE.jar:/snap/netbeans/5/netbeans/java/modules/ext/spring-3.0/spring-tx-3.2.7.RELEASE.jar:/snap/netbeans/5/netbeans/java/modules/ext/spring-3.0/spring-web-3.2.7.RELEASE.jar:/snap/netbeans/5/netbeans/java/modules/ext/spring-3.0/spring-webmvc-3.2.7.RELEASE.jar:/snap/netbeans/5/netbeans/java/modules/ext/spring-3.0/spring-webmvc-portlet-3.2.7.RELEASE.jar" />
    <property name="javac.test.classpath" value=":build/classes:/snap/netbeans/5/netbeans/platform/modules/ext/junit-4.12.jar:/snap/netbeans/5/netbeans/platform/modules/ext/hamcrest-core-1.3.jar" />
    <property name="java.specification.version" value="10" />
    <property name="sun.cpu.isalist" value="" />
    <property name="jar.index.metainf" value="false" />
    <property name="do.depend" value="false" />
    <property name="javadoc.preview" value="true" />
    <property name="libs.spring-framework400.classpath" value="/snap/netbeans/5/netbeans/ide/modules/org-apache-commons-logging.jar:/snap/netbeans/5/netbeans/java/modules/ext/cglib-2.2.jar:/snap/netbeans/5/netbeans/java/modules/ext/spring-4/spring-aop-4.0.1.RELEASE.jar:/snap/netbeans/5/netbeans/java/modules/ext/spring-4/spring-aspects-4.0.1.RELEASE.jar:/snap/netbeans/5/netbeans/java/modules/ext/spring-4/spring-beans-4.0.1.RELEASE.jar:/snap/netbeans/5/netbeans/java/modules/ext/spring-4/spring-build-src-4.0.1.RELEASE.jar:/snap/netbeans/5/netbeans/java/modules/ext/spring-4/spring-context-4.0.1.RELEASE.jar:/snap/netbeans/5/netbeans/java/modules/ext/spring-4/spring-context-support-4.0.1.RELEASE.jar:/snap/netbeans/5/netbeans/java/modules/ext/spring-4/spring-core-4.0.1.RELEASE.jar:/snap/netbeans/5/netbeans/java/modules/ext/spring-4/spring-expression-4.0.1.RELEASE.jar:/snap/netbeans/5/netbeans/java/modules/ext/spring-4/spring-framework-bom-4.0.1.RELEASE.jar:/snap/netbeans/5/netbeans/java/modules/ext/spring-4/spring-instrument-4.0.1.RELEASE.jar:/snap/netbeans/5/netbeans/java/modules/ext/spring-4/spring-instrument-tomcat-4.0.1.RELEASE.jar:/snap/netbeans/5/netbeans/java/modules/ext/spring-4/spring-jdbc-4.0.1.RELEASE.jar:/snap/netbeans/5/netbeans/java/modules/ext/spring-4/spring-jms-4.0.1.RELEASE.jar:/snap/netbeans/5/netbeans/java/modules/ext/spring-4/spring-messaging-4.0.1.RELEASE.jar:/snap/netbeans/5/netbeans/java/modules/ext/spring-4/spring-orm-4.0.1.RELEASE.jar:/snap/netbeans/5/netbeans/java/modules/ext/spring-4/spring-oxm-4.0.1.RELEASE.jar:/snap/netbeans/5/netbeans/java/modules/ext/spring-4/spring-test-4.0.1.RELEASE.jar:/snap/netbeans/5/netbeans/java/modules/ext/spring-4/spring-tx-4.0.1.RELEASE.jar:/snap/netbeans/5/netbeans/java/modules/ext/spring-4/spring-web-4.0.1.RELEASE.jar:/snap/netbeans/5/netbeans/java/modules/ext/spring-4/spring-webmvc-4.0.1.RELEASE.jar:/snap/netbeans/5/netbeans/java/modules/ext/spring-4/spring-webmvc-portlet-4.0.1.RELEASE.jar:/snap/netbeans/5/netbeans/java/modules/ext/spring-4/spring-websocket-4.0.1.RELEASE.jar" />
    <property name="test.binaryincludes" value="&lt;nothing&gt;" />
    <property name="sun.arch.data.model" value="64" />
    <property name="nb.show.statistics.ui" value="usageStatisticsEnabled" />
    <property name="debug-transport" value="dt_socket" />
    <property name="sun.font.fontmanager" value="sun.awt.X11FontManager" />
    <property name="java.vendor.url" value="http://java.oracle.com/" />
    <property name="plugin.manager.install.global" value="false" />
    <property name="annotation.processing.enabled" value="true" />
    <property name="libs.junit_5.src" value="/snap/netbeans/5/netbeans/platform/docs/junit-jupiter-api-5.3.1-sources.jar:/snap/netbeans/5/netbeans/platform/docs/junit-jupiter-params-5.3.1-sources.jar:/snap/netbeans/5/netbeans/platform/docs/junit-jupiter-engine-5.3.1-sources.jar" />
    <property name="debug.modulepath" value="" />
    <property name="libs.jaxb.classpath" value="/snap/netbeans/5/netbeans/ide/modules/ext/jaxb/jaxb-impl-2.2.5-2.jar:/snap/netbeans/5/netbeans/ide/modules/ext/jaxb/jaxb-xjc-2.2.5-2.jar:/snap/netbeans/5/netbeans/ide/modules/ext/jaxb/jaxb1-impl-2.2.5-2.jar:/snap/netbeans/5/netbeans/ide/modules/ext/jaxb/activation.jar:/snap/netbeans/5/netbeans/ide/modules/ext/jaxb/api/jaxb-api.jar" />
    <property name="libs.eclipselink.javadoc" value="" />
    <property name="libs.JWSAntTasks.javadoc" value="" />
    <property name="sun.boot.library.path" value="/usr/lib/jvm/java-11-openjdk-amd64/lib" />
    <property name="sun.java.command" value="org.apache.tools.ant.taskdefs.optional.junit.JUnitTestRunner clue.ClueTest skipNonTests=false filtertrace=true haltOnError=false haltOnFailure=false showoutput=true outputtoformatters=true logfailedtests=true threadid=0 logtestlistenerevents=true formatter=org.apache.tools.ant.taskdefs.optional.junit.BriefJUnitResultFormatter formatter=org.apache.tools.ant.taskdefs.optional.junit.XMLJUnitResultFormatter,/home/steve/Documents/Clue/Clue/build/test/results/TEST-clue.ClueTest.xml crashfile=/home/steve/Documents/Clue/Clue/build/junitvmwatcher8858112633509435623.properties propsfile=/home/steve/Documents/Clue/Clue/build/junit3997598593240844766.properties" />
    <property name="libs.CopyLibs.src" value="" />
    <property name="jdk.debug" value="release" />
    <property name="libs.spring-framework300.src" value="" />
    <property name="java.specification.vendor" value="Oracle Corporation" />
    <property name="javac.source" value="1.8" />
    <property name="javadoc.use" value="true" />
    <property name="libs.javac-api.maven-pom" value="" />
    <property name="java.version.date" value="2018-07-17" />
    <property name="javadoc.notree" value="false" />
    <property name="java.home" value="/usr/lib/jvm/java-11-openjdk-amd64" />
    <property name="basedir" value="/home/steve/Documents/Clue/Clue" />
    <property name="work.dir" value="/home/steve/Documents/Clue/Clue" />
    <property name="java.vm.specification.vendor" value="Oracle Corporation" />
    <property name="javac.test.compilerargs" value="" />
    <property name="jna.boot.library.name" value="jnidispatch-440" />
    <property name="java.specification.name" value="Java Platform API Specification" />
    <property name="libs.PostgreSQLDriver.classpath" value="/snap/netbeans/5/netbeans/ide/modules/ext/postgresql-42.2.5.jar" />
    <property name="libs.javac-api.javadoc" value="" />
    <property name="libs.JAXB-ENDORSED.src" value="" />
    <property name="netbeans.extbrowser.manual_chrome_plugin_install" value="yes" />
    <property name="manifest.encoding" value="UTF-8" />
    <property name="netbeans.default_userdir_root" value="/home/steve/snap/netbeans/common/data" />
    <property name="libs.spring-framework400.src" value="" />
    <property name="sun.management.compiler" value="HotSpot 64-Bit Tiered Compilers" />
    <property name="jdk.home" value="/usr/lib/jvm/java-11-openjdk-amd64" />
    <property name="run.test.modulepath" value="" />
    <property name="java.runtime.version" value="10.0.2+13-Ubuntu-1ubuntu0.18.04.4" />
    <property name="libs.eclipselink.maven-pom" value="" />
    <property name="libs.JAXB-ENDORSED.javadoc" value="" />
    <property name="debug.test.modulepath" value="" />
    <property name="sun.java2d.noddraw" value="true" />
    <property name="file.encoding" value="UTF-8" />
    <property name="sun.zip.disableMemoryMapping" value="true" />
    <property name="java.util.logging.config.class" value="org.netbeans.core.startup.TopLogging" />
    <property name="https.nonProxyHosts" value="localhost|127.0.0.1|steve-XPS-15-9570" />
    <property name="libs.groovy-all.maven-pom" value="" />
    <property name="libs.junit_5.javadoc" value="/snap/netbeans/5/netbeans/platform/docs/junit-jupiter-api-5.3.1-javadoc.jar:/snap/netbeans/5/netbeans/platform/docs/junit-jupiter-params-5.3.1-javadoc.jar:/snap/netbeans/5/netbeans/platform/docs/junit-jupiter-engine-5.3.1-javadoc.jar" />
    <property name="libs.absolutelayout.classpath" value="/snap/netbeans/5/netbeans/java/modules/ext/AbsoluteLayout.jar" />
    <property name="dist.archive.excludes" value="" />
    <property name="java.io.tmpdir" value="/tmp" />
    <property name="do.archive" value="true" />
    <property name="java.version" value="10.0.2" />
    <property name="java.vm.specification.name" value="Java Virtual Machine Specification" />
    <property name="java.awt.printerjob" value="sun.print.PSPrinterJob" />
    <property name="built-jar.properties" value="/home/steve/Documents/Clue/Clue/build/built-jar.properties" />
    <property name="nb.native.filechooser" value="false" />
    <property name="libs.testng.src" value="" />
    <property name="ant.file.type.Clue" value="file" />
    <property name="platform.active" value="default_platform" />
    <property name="libs.hamcrest.src" value="" />
    <property name="java.library.path" value="/usr/java/packages/lib:/usr/lib/x86_64-linux-gnu/jni:/lib/x86_64-linux-gnu:/usr/lib/x86_64-linux-gnu:/usr/lib/jni:/lib:/usr/lib" />
    <property name="manifest.file" value="manifest.mf" />
    <property name="java.vendor" value="Oracle Corporation" />
    <property name="libs.testng.javadoc" value="/snap/netbeans/5/netbeans/platform/docs/testng-6.8.1-javadoc.zip" />
    <property name="libs.groovy-all.src" value="" />
    <property name="meta.inf.dir" value="src/META-INF" />
    <property name="sun.io.unicode.encoding" value="UnicodeLittle" />
    <property name="compile.on.save" value="true" />
    <property name="libs.testng.maven-pom" value="" />
    <property name="org.openide.version" value="deprecated" />
    <property name="default.javac.source" value="10" />
    <property name="sun.desktop" value="gnome" />
    <property name="netbeans.dynamic.classpath" value="/snap/netbeans/5/netbeans/platform/core/asm-all-5.0.1.jar:/snap/netbeans/5/netbeans/platform/core/core-base.jar:/snap/netbeans/5/netbeans/platform/core/core.jar:/snap/netbeans/5/netbeans/platform/core/org-netbeans-libs-asm.jar:/snap/netbeans/5/netbeans/platform/core/org-openide-filesystems-compat8.jar:/snap/netbeans/5/netbeans/platform/core/org-openide-filesystems.jar:/snap/netbeans/5/netbeans/nb/core/org-netbeans-upgrader.jar:/snap/netbeans/5/netbeans/nb/core/locale/core_nb.jar" />
    <property name="run.classpath" value=":build/classes" />
    <property name="libs.jaxb.src" value="" />
    <property name="libs.eclipselinkmodelgen.classpath" value="/snap/netbeans/5/netbeans/java/modules/ext/eclipselink/org.eclipse.persistence.jpa.modelgen.processor-2.5.2.jar" />
    <property name="test.src.dir" value="test" />
    <property name="sun.awt.enableExtraMouseButtons" value="true" />
    <property name="org.openide.major.version" value="IDE/1" />
    <property name="libs.spring-framework300.javadoc" value="" />
    <property name="netbeans.buildnumber" value="incubator-netbeans-snap-release-9-on-20181225" />
    <property name="ap.proc.none.internal" value="" />
    <property name="org.openide.specification.version" value="6.2" />
    <property name="endorsed.classpath.cmd.line.arg" value="" />
    <property name="libs.jpa20-persistence.maven-pom" value="" />
    <property name="user.timezone" value="" />
    <property name="jar.index" value="false" />
    <property name="libs.jpa20-persistence.classpath" value="/snap/netbeans/5/netbeans/java/modules/ext/eclipselink/javax.persistence-2.1.0.jar" />
    <property name="build.sysclasspath" value="ignore" />
    <property name="java.vm.specification.version" value="10" />
    <property name="libs.junit_5.classpath" value="/snap/netbeans/5/netbeans/platform/modules/ext/junit-jupiter-api-5.3.1.jar:/snap/netbeans/5/netbeans/platform/modules/ext/junit-jupiter-params-5.3.1.jar:/snap/netbeans/5/netbeans/platform/modules/ext/junit-jupiter-engine-5.3.1.jar" />
    <property name="libs.CopyLibs.maven-pom" value="" />
    <property name="os.name" value="Linux" />
    <property name="libs.eclipselinkmodelgen.javadoc" value="" />
    <property name="javadoc.noindex" value="false" />
    <property name="javadoc.private" value="false" />
    <property name="jdkBug6558476" value="false" />
    <property name="javadoc.author" value="false" />
    <property name="http.nonProxyHosts" value="localhost|127.0.0.1|steve-XPS-15-9570" />
    <property name="main.class" value="clue.Clue" />
    <property name="libs.JAXB-ENDORSED.maven-pom" value="" />
    <property name="user.home" value="/home/steve" />
    <property name="source.encoding" value="UTF-8" />
    <property name="libs.eclipselinkmodelgen.maven-pom" value="" />
    <property name="jar.compress" value="false" />
    <property name="have.sources" value="true" />
    <property name="annotation.processing.processors.list" value="" />
    <property name="javac.deprecation" value="false" />
    <property name="java.awt.graphicsenv" value="sun.awt.X11GraphicsEnvironment" />
    <property name="build.generated.sources.dir" value="build/generated-sources" />
    <property name="apple.awt.graphics.UseQuartz" value="true" />
    <property name="plugin.manager.check.updates" value="false" />
    <property name="run.jvmargs" value="" />
    <property name="netbeans.autoupdate.language" value="en" />
    <property name="libs.eclipselinkmodelgen.src" value="" />
    <property name="build.compiler.emacs" value="true" />
    <property name="build.classes.excludes" value="**/*.java,**/*.form" />
    <property name="dist.jar" value="dist/Clue.jar" />
    <property name="ant.file" value="/home/steve/Documents/Clue/Clue/build.xml" />
    <property name="path.separator" value=":" />
    <property name="os.version" value="4.15.0-46-generic" />
    <property name="libs.JAXB-ENDORSED.classpath" value="/snap/netbeans/5/netbeans/ide/modules/ext/jaxb/api/jaxb-api.jar" />
    <property name="netbeans.home" value="/snap/netbeans/5/netbeans/platform" />
    <property name="libs.CopyLibs.javadoc" value="" />
    <property name="debug-transport-by-os" value="dt_socket" />
    <property name="build.test.results.dir" value="build/test/results" />
    <property name="libs.jaxws21.javadoc" value="/snap/netbeans/5/netbeans/java/docs/jaxws-api-doc.zip" />
    <property name="libs.spring-framework400.maven-pom" value="" />
    <property name="ap.processors.internal" value="" />
    <property name="java.vm.name" value="OpenJDK 64-Bit Server VM" />
    <property name="ant.file.Clue-impl" value="/home/steve/Documents/Clue/Clue/nbproject/build-impl.xml" />
    <property name="libs.jaxws21.classpath" value="/snap/netbeans/5/netbeans/java/modules/ext/jaxws22/FastInfoset.jar:/snap/netbeans/5/netbeans/java/modules/ext/jaxws22/gmbal-api-only.jar:/snap/netbeans/5/netbeans/java/modules/ext/jaxws22/ha-api.jar:/snap/netbeans/5/netbeans/java/modules/ext/jaxws22/javax.mail_1.4.jar:/snap/netbeans/5/netbeans/java/modules/ext/jaxws22/jaxws-rt.jar:/snap/netbeans/5/netbeans/java/modules/ext/jaxws22/jaxws-tools.jar:/snap/netbeans/5/netbeans/java/modules/ext/jaxws22/management-api.jar:/snap/netbeans/5/netbeans/java/modules/ext/jaxws22/mimepull.jar:/snap/netbeans/5/netbeans/java/modules/ext/jaxws22/policy.jar:/snap/netbeans/5/netbeans/java/modules/ext/jaxws22/saaj-impl.jar:/snap/netbeans/5/netbeans/java/modules/ext/jaxws22/stax-ex.jar:/snap/netbeans/5/netbeans/java/modules/ext/jaxws22/stax2-api.jar:/snap/netbeans/5/netbeans/java/modules/ext/jaxws22/streambuffer.jar:/snap/netbeans/5/netbeans/java/modules/ext/jaxws22/woodstox-core-asl.jar:/snap/netbeans/5/netbeans/java/modules/ext/jaxws22/api/jaxws-api.jar:/snap/netbeans/5/netbeans/java/modules/ext/jaxws22/api/jsr181-api.jar:/snap/netbeans/5/netbeans/java/modules/ext/jaxws22/api/javax.annotation.jar:/snap/netbeans/5/netbeans/java/modules/ext/jaxws22/api/saaj-api.jar:/snap/netbeans/5/netbeans/ide/modules/ext/jaxb/activation.jar:/snap/netbeans/5/netbeans/ide/modules/ext/jaxb/api/jaxb-api.jar" />
    <property name="os.arch" value="amd64" />
    <property name="libs.spring-framework400.javadoc" value="" />
    <property name="libs.hamcrest.javadoc" value="" />
    <property name="build.generated.dir" value="build/generated" />
    <property name="libs.javac-api.src" value="" />
    <property name="libs.groovy-all.javadoc" value="" />
    <property name="java.vm.info" value="mixed mode" />
    <property name="libs.jaxws21.maven-pom" value="" />
    <property name="run.test.classpath" value=":build/classes:/snap/netbeans/5/netbeans/platform/modules/ext/junit-4.12.jar:/snap/netbeans/5/netbeans/platform/modules/ext/hamcrest-core-1.3.jar:build/test/classes" />
    <property name="java.class.version" value="54.0" />
    <property name="javadoc.encoding.used" value="UTF-8" />
    <property name="src.dir" value="src" />
    <property name="org.netbeans.io.suspend" value="0" />
    <property name="ant.project.default-target" value="default" />
    <property name="debug.classpath" value=":build/classes" />
    <property name="awt.toolkit" value="sun.awt.X11.XToolkit" />
    <property name="excludes" value="" />
    <property name="ant.project.name" value="Clue" />
    <property name="dist.javadoc.dir" value="dist/javadoc" />
    <property name="run.test.jvmargs" value="" />
    <property name="libs.junit_4.javadoc" value="/snap/netbeans/5/netbeans/platform/docs/junit-4.12-javadoc.jar" />
    <property name="sun.jnu.encoding" value="UTF-8" />
    <property name="default.javac.target" value="10" />
    <property name="javac.fork" value="true" />
    <property name="sun.java2d.dpiaware" value="true" />
    <property name="libs.eclipselink.classpath" value="/snap/netbeans/5/netbeans/java/modules/ext/eclipselink/org.eclipse.persistence.core-2.5.2.jar:/snap/netbeans/5/netbeans/java/modules/ext/eclipselink/org.eclipse.persistence.asm-2.5.2.jar:/snap/netbeans/5/netbeans/java/modules/ext/eclipselink/org.eclipse.persistence.antlr-2.5.2.jar:/snap/netbeans/5/netbeans/java/modules/ext/eclipselink/org.eclipse.persistence.jpa-2.5.2.jar:/snap/netbeans/5/netbeans/java/modules/ext/eclipselink/org.eclipse.persistence.jpa.jpql-2.5.2.jar:/snap/netbeans/5/netbeans/java/modules/ext/eclipselink/javax.persistence-2.1.0.jar" />
    <property name="main.class.available" value="true" />
    <property name="libs.javac-api.classpath" value="" />
    <property name="netbeans.importclass" value="org.netbeans.upgrade.AutoUpgrade" />
    <property name="libs.PostgreSQLDriver.maven-pom" value="" />
    <property name="netbeans.autoupdate.version" value="1.23" />
    <property name="libs.absolutelayout.src" value="" />
    <property name="empty.dir" value="/home/steve/Documents/Clue/Clue/build/empty" />
    <property name="testng.mode" value="testng" />
    <property name="annotation.processing.enabled.in.editor" value="false" />
    <property name="netbeans.user" value="/home/steve/snap/netbeans/common/data/10.0" />
    <property name="file.separator" value="/" />
    <property name="java.vm.compressedOopsMode" value="Zero based" />
    <property name="line.separator" value="&#xa;" />
    <property name="javadoc.additionalparam" value="" />
    <property name="netbeans.productversion" value="Apache NetBeans IDE 10.0 (Build incubator-netbeans-snap-release-9-on-20181225)" />
    <property name="javac.debug" value="true" />
    <property name="awt.useSystemAAFontSettings" value="on" />
    <property name="libs.testng.classpath" value="/snap/netbeans/5/netbeans/platform/modules/ext/testng-6.8.1-dist.jar" />
    <property name="mkdist.disabled" value="false" />
    <property name="user.name" value="steve" />
    <property name="build.classes.dir" value="build/classes" />
    <property name="nb.junit.single" value="false" />
    <property name="javadoc.windowtitle" value="" />
    <property name="nb.internal.action.name" value="test" />
    <property name="libs.groovy-all.classpath" value="/snap/netbeans/5/netbeans/groovy/modules/ext/groovy.jar:/snap/netbeans/5/netbeans/groovy/modules/ext/groovy-ant.jar" />
    <property name="ant.file.Clue" value="/home/steve/Documents/Clue/Clue/build.xml" />
    <property name="libs.absolutelayout.javadoc" value="" />
    <property name="libs.jaxws21.src" value="" />
    <property name="annotation.processing.processor.options" value="" />
    <property name="libs.jaxb.maven-pom" value="" />
    <property name="dist.dir" value="dist" />
    <property name="jna.loaded" value="true" />
    <property name="build.dir" value="build" />
    <property name="netbeans.autoupdate.variant" value="" />
    <property name="libs.junit_5.maven-pom" value="" />
    <property name="libs.jpa20-persistence.javadoc" value="" />
    <property name="javadoc.version" value="false" />
    <property name="ant.junit.enabletestlistenerevents" value="true" />
    <property name="libs.JWSAntTasks.src" value="" />
    <property name="libs.CopyLibs.classpath" value="/snap/netbeans/5/netbeans/java/ant/extra/org-netbeans-modules-java-j2seproject-copylibstask.jar" />
    <property name="ant.home" value="/snap/netbeans/5/netbeans/extide/ant" />
    <property name="have.tests" value="true" />
    <property name="javac.external.vm" value="true" />
    <property name="debug.test.classpath" value=":build/classes:/snap/netbeans/5/netbeans/platform/modules/ext/junit-4.12.jar:/snap/netbeans/5/netbeans/platform/modules/ext/hamcrest-core-1.3.jar:build/test/classes" />
    <property name="sun.os.patch.level" value="unknown" />
    <property name="testng.debug.mode" value="" />
    <property name="javac.target" value="1.8" />
    <property name="ant.version" value="Apache Ant(TM) version 1.10.4 compiled on June 19 2018" />
    <property name="libs.absolutelayout.maven-pom" value="" />
    <property name="javac.test.processorpath" value=":build/classes:/snap/netbeans/5/netbeans/platform/modules/ext/junit-4.12.jar:/snap/netbeans/5/netbeans/platform/modules/ext/hamcrest-core-1.3.jar" />
    <property name="jdk.gtk.version" value="2.2" />
    <property name="java.failonerror" value="true" />
    <property name="netbeans.dirs" value="/snap/netbeans/5/netbeans/nb:/snap/netbeans/5/netbeans/ergonomics:/snap/netbeans/5/netbeans/ide:/snap/netbeans/5/netbeans/extide:/snap/netbeans/5/netbeans/java:/snap/netbeans/5/netbeans/apisupport:/snap/netbeans/5/netbeans/webcommon:/snap/netbeans/5/netbeans/websvccommon:/snap/netbeans/5/netbeans/enterprise:/snap/netbeans/5/netbeans/mobility:/snap/netbeans/5/netbeans/profiler:/snap/netbeans/5/netbeans/python:/snap/netbeans/5/netbeans/php:/snap/netbeans/5/netbeans/identity:/snap/netbeans/5/netbeans/harness:/snap/netbeans/5/netbeans/cnd:/snap/netbeans/5/netbeans/cndext:/snap/netbeans/5/netbeans/dlight:/snap/netbeans/5/netbeans/groovy:/snap/netbeans/5/netbeans/extra:/snap/netbeans/5/netbeans/javacard:/snap/netbeans/5/netbeans/javafx:" />
    <property name="javac.modulepath" value="" />
    <property name="user.properties.file" value="/home/steve/snap/netbeans/common/data/10.0/build.properties" />
    <property name="libs.hamcrest.maven-pom" value="" />
    <property name="netbeans.autoupdate.country" value="GB" />
    <property name="file.encoding.pkg" value="sun.io" />
    <property name="javac.processorpath" value="" />
    <property name="java.class.path" value="/home/steve/Documents/Clue/Clue/build/classes:/snap/netbeans/5/netbeans/platform/modules/ext/junit-4.12.jar:/snap/netbeans/5/netbeans/platform/modules/ext/hamcrest-core-1.3.jar:/home/steve/Documents/Clue/Clue/build/test/classes:/snap/netbeans/5/netbeans/extide/ant/lib/ant-launcher.jar:/snap/netbeans/5/netbeans/extide/ant/lib/ant.jar:/snap/netbeans/5/netbeans/extide/ant/lib/ant-junit.jar:/snap/netbeans/5/netbeans/extide/ant/lib/ant-junit4.jar" />
    <property name="libs.JWSAntTasks.maven-pom" value="" />
    <property name="java.vm.vendor" value="Oracle Corporation" />
    <property name="ap.supported.internal" value="true" />
    <property name="netbeans.home+have.tests" value="true" />
    <property name="run.modulepath" value="" />
    <property name="test.binaryexcludes" value="" />
    <property name="do.archive+manifest.available" value="true" />
    <property name="javac.compilerargs" value="" />
    <property name="sun.java.launcher" value="SUN_STANDARD" />
    <property name="user.country" value="GB" />
    <property name="libs.jpa20-persistence.src" value="" />
    <property name="javac.test.sourcepath" value="/home/steve/Documents/Clue/Clue/build/empty" />
    <property name="sun.cpu.endian" value="little" />
    <property name="libs.junit_4.src" value="/snap/netbeans/5/netbeans/platform/docs/junit-4.12-sources.jar" />
    <property name="user.language" value="en" />
    <property name="copylibs.rebase" value="true" />
    <property name="includes" value="**" />
    <property name="javadoc.nonavbar" value="false" />
    <property name="ant.file.type.Clue-impl" value="file" />
    <property name="ant.java.version" value="10" />
    <property name="libs.junit_4.classpath" value="/snap/netbeans/5/netbeans/platform/modules/ext/junit-4.12.jar" />
    <property name="libs.hamcrest.classpath" value="/snap/netbeans/5/netbeans/platform/modules/ext/hamcrest-core-1.3.jar" />
    <property name="javadoc.splitindex" value="true" />
    <property name="libs.JWSAntTasks.classpath" value="/snap/netbeans/5/netbeans/java/ant/extra/org-netbeans-modules-javawebstart-anttasks.jar" />
    <property name="junit.available" value="true" />
    <property name="test.binarytestincludes" value="" />
    <property name="javac.processormodulepath" value="" />
    <property name="libs.junit_4.maven-pom" value="" />
    <property name="runtime.encoding" value="UTF-8" />
    <property name="javadoc.encoding" value="UTF-8" />
    <property name="javac.classpath" value="" />
    <property name="do.mkdist" value="true" />
    <property name="netbeans.hash.code" value="unique=07e8b1e22-2d1e-4b4b-a1f3-395a768f113d_3fb3fe40-534e-481a-9a3a-2cc0a9ed4d2c" />
    <property name="nb.junit.batch" value="true" />
    <property name="build.test.classes.dir" value="build/test/classes" />
    <property name="netbeans.running.environment" value="gnome" />
    <property name="java.runtime.name" value="OpenJDK Runtime Environment" />
    <property name="libs.jaxb.javadoc" value="/snap/netbeans/5/netbeans/ide/docs/jaxb-api-2.2.5-javadoc.jar" />
    <property name="manifest.available" value="true" />
    <property name="libs.spring-framework300.maven-pom" value="" />
    <property name="ant.project.invoked-targets" value="test" />
    <property name="run.jvmargs.ide" value="" />
    <property name="ap.cmd.line.internal" value="" />
    <property name="jna.platform.library.path" value="/usr/lib/x86_64-linux-gnu:/lib/x86_64-linux-gnu:/lib64:/usr/lib:/lib:/lib/i386-linux-gnu:/usr/lib/i386-linux-gnu:/usr/lib/x86_64-linux-gnu/libfakeroot" />
    <property name="libs.PostgreSQLDriver.src" value="" />
    <property name="ant.core.lib" value="/snap/netbeans/5/netbeans/extide/ant/lib/ant.jar" />
    <property name="java.vendor.url.bug" value="http://bugreport.java.com/bugreport/" />
    <property name="annotation.processing.source.output" value="build/generated-sources/ap-source-output" />
    <property name="user.dir" value="/home/steve/Documents/Clue/Clue" />
    <property name="javac.profile.cmd.line.arg" value="" />
    <property name="platform.java" value="/usr/lib/jvm/java-11-openjdk-amd64/bin/java" />
    <property name="application.args" value="" />
    <property name="do.archive+main.class.available" value="true" />
    <property name="org.xml.sax.driver" value="com.sun.org.apache.xerces.internal.jaxp.SAXParserImpl$JAXPSAXParser" />
    <property name="javac.test.modulepath" value="" />
    <property name="ignore.failing.tests" value="true" />
    <property name="libs.PostgreSQLDriver.javadoc" value="" />
    <property name="libs.eclipselink.src" value="" />
    <property name="java.vm.version" value="10.0.2+13-Ubuntu-1ubuntu0.18.04.4" />
    <property name="sun.awt.datatransfer.timeout" value="1000" />
    <property name="annotation.processing.run.all.processors" value="true" />
    <property name="junit.forkmode" value="perTest" />
  </properties>
  <testcase classname="clue.ClueTest" name="testMain" time="0.006">
    <failure message="The test case is a prototype." type="junit.framework.AssertionFailedError">junit.framework.AssertionFailedError: The test case is a prototype.
	at clue.ClueTest.testMain(ClueTest.java:49)
	at java.base/jdk.internal.reflect.NativeMethodAccessorImpl.invoke0(Native Method)
	at java.base/jdk.internal.reflect.NativeMethodAccessorImpl.invoke(NativeMethodAccessorImpl.java:62)
	at java.base/jdk.internal.reflect.DelegatingMethodAccessorImpl.invoke(DelegatingMethodAccessorImpl.java:43)
</failure>
  </testcase>
  <system-out><![CDATA[main
]]></system-out>
  <system-err><![CDATA[]]></system-err>
</testsuite>
